Unhandled exception. System.Security.Cryptography.CryptographicException: Le mot de passe réseau spécifié est incorrect.
   at System.Security.Cryptography.X509Certificates.CertificatePal.FilterPFXStore(ReadOnlySpan`1 rawData, SafePasswordHandle password, PfxCertStoreFlags pfxCertStoreFlags)
   at System.Security.Cryptography.X509Certificates.CertificatePal.FromBlobOrFile(ReadOnlySpan`1 rawData, String fileName, SafePasswordHandle password, X509KeyStorageFlags keyStorageFlags)
   at System.Security.Cryptography.X509Certificates.X509Certificate..ctor(String fileName, String password, X509KeyStorageFlags keyStorageFlags)
   at Microsoft.AspNetCore.Hosting.ListenOptionsHttpsExtensions.UseHttps(ListenOptions listenOptions, String fileName)
   at Program.<>c__DisplayClass0_1.<<Main>$>b__23(ListenOptions listenOptions) in C:\bonap-print-bridge\bonap-print-bridge\src\Bonap.PrintBridge\Program.cs:line 101
   at Microsoft.AspNetCore.Server.Kestrel.Core.KestrelServerOptions.Listen(EndPoint endPoint, Action`1 configure)
   at Program.<>c__DisplayClass0_1.<<Main>$>g__ListenOnce|22(IPAddress ip, Int32 port, Action`1 configure) in C:\bonap-print-bridge\bonap-print-bridge\src\Bonap.PrintBridge\Program.cs:line 70
   at Program.<>c__DisplayClass0_0.<<Main>$>b__2(WebHostBuilderContext context, KestrelServerOptions options) in C:\bonap-print-bridge\bonap-print-bridge\src\Bonap.PrintBridge\Program.cs:line 97
   at Microsoft.Extensions.Options.OptionsFactory`1.Create(String name)
   at Microsoft.Extensions.Options.UnnamedOptionsManager`1.get_Value()
   at Microsoft.AspNetCore.Server.Kestrel.Core.KestrelServerImpl.CreateServiceContext(IOptions`1 options, ILoggerFactory loggerFactory, DiagnosticSource diagnosticSource, KestrelMetrics metrics)
   at Microsoft.AspNetCore.Server.Kestrel.Core.KestrelServerImpl..ctor(IOptions`1 options, IEnumerable`1 transportFactories, IEnumerable`1 multiplexedFactories, IHttpsConfigurationService httpsConfigurationService, ILoggerFactory loggerFactory, DiagnosticSource diagnosticSource, KestrelMetrics metrics)
   at System.RuntimeMethodHandle.InvokeMethod(Object target, Void** arguments, Signature sig, Boolean isConstructor)
   at System.Reflection.MethodBaseInvoker.InvokeWithManyArgs(Object obj, BindingFlags invokeAttr, Binder binder, Object[] parameters, CultureInfo culture)
   at System.Reflection.RuntimeConstructorInfo.Invoke(BindingFlags invokeAttr, Binder binder, Object[] parameters, CultureInfo culture)
   at Microsoft.Extensions.DependencyInjection.ServiceLookup.CallSiteRuntimeResolver.VisitConstructor(ConstructorCallSite constructorCallSite, RuntimeResolverContext context)
   at Microsoft.Extensions.DependencyInjection.ServiceLookup.CallSiteVisitor`2.VisitCallSiteMain(ServiceCallSite callSite, TArgument argument)
   at Microsoft.Extensions.DependencyInjection.ServiceLookup.CallSiteRuntimeResolver.VisitRootCache(ServiceCallSite callSite, RuntimeResolverContext context)
   at Microsoft.Extensions.DependencyInjection.ServiceLookup.CallSiteVisitor`2.VisitCallSite(ServiceCallSite callSite, TArgument argument)
   at Microsoft.Extensions.DependencyInjection.ServiceLookup.CallSiteRuntimeResolver.Resolve(ServiceCallSite callSite, ServiceProviderEngineScope scope)
   at Microsoft.Extensions.DependencyInjection.ServiceProvider.CreateServiceAccessor(ServiceIdentifier serviceIdentifier)
   at System.Collections.Concurrent.ConcurrentDictionary`2.GetOrAdd(TKey key, Func`2 valueFactory)
   at Microsoft.Extensions.DependencyInjection.ServiceProvider.GetService(ServiceIdentifier serviceIdentifier, ServiceProviderEngineScope serviceProviderEngineScope)
   at Microsoft.Extensions.DependencyInjection.ServiceProvider.GetService(Type serviceType)
   at Microsoft.Extensions.DependencyInjection.ServiceProviderServiceExtensions.GetRequiredService(IServiceProvider provider, Type serviceType)
   at Microsoft.Extensions.DependencyInjection.ServiceProviderServiceExtensions.GetRequiredService[T](IServiceProvider provider)
   at Microsoft.AspNetCore.Builder.WebApplication.get_ServerFeatures()
   at Microsoft.AspNetCore.Builder.WebApplication..ctor(IHost host)
   at Microsoft.AspNetCore.Builder.WebApplicationBuilder.Build()
   at Program.<Main>$(String[] args) in C:\bonap-print-bridge\bonap-print-bridge\src\Bonap.PrintBridge\Program.cs:line 120
